{
  "RSpec": {
    "coverage": {
      "/Users/vaeliwen/turing/1module/night-writer/spec/writer_spec.rb": {
        "lines": [
          1,
          null,
          1,
          1,
          1,
          1,
          null,
          1,
          1,
          null,
          null,
          1,
          1,
          null,
          null,
          1,
          1,
          null,
          null,
          1,
          1,
          1,
          null,
          null,
          1,
          1,
          null,
          null,
          1,
          1,
          1,
          null,
          null,
          1,
          1,
          1,
          null,
          null,
          1,
          1,
          1,
          1,
          1,
          1,
          1,
          1,
          1,
          1,
          null,
          null,
          null
        ]
      },
      "/Users/vaeliwen/turing/1module/night-writer/lib/writer.rb": {
        "lines": [
          1,
          null,
          1,
          1,
          1,
          1,
          3,
          3,
          3,
          null,
          null,
          1,
          21,
          21,
          null,
          null,
          1,
          18,
          18,
          564,
          null,
          null,
          null,
          1,
          16,
          null,
          478,
          null,
          null,
          null,
          null,
          null,
          null,
          1,
          15,
          15,
          435,
          435,
          435,
          null,
          15,
          null,
          null,
          1,
          13,
          39,
          null,
          null,
          null,
          1,
          2,
          2,
          2,
          3,
          3,
          3,
          null,
          2,
          null,
          null,
          1,
          2,
          null,
          null,
          1,
          1,
          null,
          null
        ]
      },
      "/Users/vaeliwen/turing/1module/night-writer/lib/dictionary.rb": {
        "lines": [
          1,
          1,
          null,
          565,
          null,
          null,
          null,
          null,
          null,
          null,
          null,
          null,
          null,
          null,
          null,
          null,
          null,
          null,
          null,
          null,
          null,
          null,
          null,
          null,
          null,
          null,
          null,
          null,
          null,
          null,
          null,
          null,
          null,
          1,
          1564,
          null,
          null
        ]
      },
      "/Users/vaeliwen/turing/1module/night-writer/spec/dictionary_spec.rb": {
        "lines": [
          1,
          1,
          null,
          1,
          1,
          null,
          1,
          1,
          null,
          null,
          1,
          1,
          null,
          null
        ]
      },
      "/Users/vaeliwen/turing/1module/night-writer/spec/reader_spec.rb": {
        "lines": [
          1,
          null,
          1,
          1,
          1,
          null,
          1,
          1,
          null,
          null,
          1,
          1,
          null,
          null,
          1,
          1,
          null,
          null,
          1,
          1,
          null,
          null,
          1,
          1,
          null,
          null,
          1,
          1,
          null,
          null,
          1,
          1,
          null,
          null
        ]
      },
      "/Users/vaeliwen/turing/1module/night-writer/lib/reader.rb": {
        "lines": [
          1,
          null,
          1,
          1,
          1,
          null,
          1,
          1,
          1,
          1,
          null,
          null,
          1,
          7,
          7,
          null,
          null,
          1,
          5,
          null,
          null,
          1,
          4,
          24,
          null,
          null,
          null,
          1,
          3,
          null,
          null,
          1,
          2,
          4,
          4,
          86,
          null,
          null,
          null,
          null,
          null,
          4,
          null,
          null,
          null,
          1,
          1,
          2,
          43,
          null,
          null,
          null,
          null,
          null,
          1,
          1,
          null,
          null
        ]
      }
    },
    "timestamp": 1646687079
  }
}
